<?xml version="1.0" encoding="UTF-8"?>
<testsuites name="Regression Tests" time="120.821" tests="10" failures="0" errors="0">
   <testsuite name="Regression Tests" tests="10" failures="0" errors="0" time="120.821" skipped="0" timestamp="04-08-2025T13:04:53" hostname="khrissamaniego - localhost" id="Test Suites/Regression Tests">
      <properties>
         <property name="deviceName" value=""/>
         <property name="devicePlatform"/>
         <property name="logFolder" value="/Users/khrissamaniego/git/katalon-lexin-automation/Reports/20250804_130450/Regression Tests/20250804_130451"/>
         <property name="logFiles" value="/Users/khrissamaniego/git/katalon-lexin-automation/Reports/20250804_130450/Regression Tests/20250804_130451/execution0.log, /Users/khrissamaniego/git/katalon-lexin-automation/Reports/20250804_130450/Regression Tests/20250804_130451/console0.log"/>
         <property name="attachments" value=""/>
         <property name="hostName" value="khrissamaniego - localhost"/>
         <property name="os" value="Mac OS X 64bit"/>
         <property name="katalonVersion" value="10.2.0.0"/>
         <property name="browser" value="Chrome 138.0.7204.184"/>
         <property name="userFullName" value="Khris Samaniego"/>
         <property name="hostAddress" value="127.0.0.1"/>
         <property name="sessionId" value="3a43bf0d4b58614b9afd7f26f1120c31"/>
         <property name="projectName" value="Lexin_SupplyChain_QA"/>
         <property name="seleniumVersion" value="4.28.1"/>
         <property name="proxyInformation" value="ProxyInformation { proxyOption=NO_PROXY, proxyServerType=HTTP, username=, password=********, proxyServerAddress=, proxyServerPort=0, executionList=&quot;&quot;, isApplyToDesiredCapabilities=true }"/>
         <property name="platform" value="Mac OS X"/>
      </properties>
      <testcase name="Test Cases/1_Security and Login/TC1001_SecurityAndLogin_LoginNoCredentials_Failure" time="5.521" classname="Test Cases/1_Security and Login/TC1001_SecurityAndLogin_LoginNoCredentials_Failure" status="PASSED">
         <system-out><![CDATA[04-08-2025T13:04:54 - [TEST_CASE][PASSED] - Test Cases/1_Security and Login/TC1001_SecurityAndLogin_LoginNoCredentials_Failure: Test Cases/1_Security and Login/TC1001_SecurityAndLogin_LoginNoCredentials_Failure

04-08-2025T13:04:54 - [TEST_STEP][PASSED] - openBrowser(""): Browser is opened with url: ''

04-08-2025T13:04:54 - [MESSAGE][INFO] - Starting 'Chrome' driver

04-08-2025T13:04:54 - [MESSAGE][INFO] - Action delay is set to 0 milliseconds

04-08-2025T13:04:56 - [MESSAGE][PASSED] - Browser is opened with url: ''

04-08-2025T13:04:56 - [TEST_STEP][PASSED] - maximizeWindow(): Current window maximized

04-08-2025T13:04:56 - [MESSAGE][PASSED] - Current window maximized

04-08-2025T13:04:56 - [TEST_STEP][PASSED] - navigateToUrl("https://lexinqa.lexinsolutions.com/"): Navigate to 'https://lexinqa.lexinsolutions.com/' successfully

04-08-2025T13:04:58 - [MESSAGE][PASSED] - Navigate to 'https://lexinqa.lexinsolutions.com/' successfully

04-08-2025T13:04:58 - [TEST_STEP][PASSED] - click(findTestObject("Object Repository/1_Security and Login/Login_Button_Sign in")): Object: 'Object Repository/1_Security and Login/Login_Button_Sign in' is clicked on

04-08-2025T13:04:58 - [MESSAGE][PASSED] - Object: 'Object Repository/1_Security and Login/Login_Button_Sign in' is clicked on

04-08-2025T13:04:58 - [TEST_STEP][PASSED] - waitForElementVisible(findTestObject("1_Security and Login/Login_Button_Sign in"), 10): Object 'Object Repository/1_Security and Login/Login_Button_Sign in' is visible

04-08-2025T13:04:59 - [MESSAGE][PASSED] - Object 'Object Repository/1_Security and Login/Login_Button_Sign in' is visible

04-08-2025T13:04:59 - [TEST_STEP][PASSED] - verifyElementVisible(findTestObject("1_Security and Login/Login_Button_Sign in")): Object 'Object Repository/1_Security and Login/Login_Button_Sign in' is visible

04-08-2025T13:04:59 - [MESSAGE][PASSED] - Object 'Object Repository/1_Security and Login/Login_Button_Sign in' is visible

04-08-2025T13:04:59 - [TEST_STEP][PASSED] - closeBrowser(): Browser is closed

04-08-2025T13:04:59 - [MESSAGE][PASSED] - Browser is closed]]></system-out>
         <system-err><![CDATA[]]></system-err>
      </testcase>
      <testcase name="Test Cases/1_Security and Login/TC1002_SecurityAndLogin_LoginInvalidCredentials_Failure" time="8.366" classname="Test Cases/1_Security and Login/TC1002_SecurityAndLogin_LoginInvalidCredentials_Failure" status="PASSED">
         <system-out><![CDATA[04-08-2025T13:04:59 - [TEST_CASE][PASSED] - Test Cases/1_Security and Login/TC1002_SecurityAndLogin_LoginInvalidCredentials_Failure: Test Cases/1_Security and Login/TC1002_SecurityAndLogin_LoginInvalidCredentials_Failure

04-08-2025T13:04:59 - [TEST_STEP][PASSED] - openBrowser(""): Browser is opened with url: ''

04-08-2025T13:04:59 - [MESSAGE][INFO] - Starting 'Chrome' driver

04-08-2025T13:04:59 - [MESSAGE][INFO] - Action delay is set to 0 milliseconds

04-08-2025T13:05:00 - [MESSAGE][PASSED] - Browser is opened with url: ''

04-08-2025T13:05:00 - [TEST_STEP][PASSED] - maximizeWindow(): Current window maximized

04-08-2025T13:05:01 - [MESSAGE][PASSED] - Current window maximized

04-08-2025T13:05:01 - [TEST_STEP][PASSED] - navigateToUrl("https://lexinqa.lexinsolutions.com/"): Navigate to 'https://lexinqa.lexinsolutions.com/' successfully

04-08-2025T13:05:03 - [MESSAGE][PASSED] - Navigate to 'https://lexinqa.lexinsolutions.com/' successfully

04-08-2025T13:05:03 - [TEST_STEP][PASSED] - setText(findTestObject("Object Repository/1_Security and Login/Login_Input_Email"), "incorrectuser@mail.com"): Text 'incorrectuser@mail.com' is set on object 'Object Repository/1_Security and Login/Login_Input_Email'

04-08-2025T13:05:04 - [MESSAGE][PASSED] - Text 'incorrectuser@mail.com' is set on object 'Object Repository/1_Security and Login/Login_Input_Email'

04-08-2025T13:05:04 - [TEST_STEP][PASSED] - setEncryptedText(findTestObject("Object Repository/1_Security and Login/Login_Input_Password"), "NaRTu7UBtmpS8FmW0qSAHjP7ggMaif6d"): Text ****** has been set on object 'Object Repository/1_Security and Login/Login_Input_Password'

04-08-2025T13:05:04 - [MESSAGE][PASSED] - Text ****** has been set on object 'Object Repository/1_Security and Login/Login_Input_Password'

04-08-2025T13:05:04 - [TEST_STEP][PASSED] - sendKeys(findTestObject("Object Repository/1_Security and Login/Login_Input_Password"), Keys.chord(ENTER)): Keys 'ENTER + ' sent to object: 'Object Repository/1_Security and Login/Login_Input_Password'

04-08-2025T13:05:05 - [MESSAGE][PASSED] - Keys 'ENTER + ' sent to object: 'Object Repository/1_Security and Login/Login_Input_Password'

04-08-2025T13:05:05 - [TEST_STEP][PASSED] - click(findTestObject("Object Repository/1_Security and Login/Login_Button_Sign in")): Object: 'Object Repository/1_Security and Login/Login_Button_Sign in' is clicked on

04-08-2025T13:05:06 - [MESSAGE][PASSED] - Object: 'Object Repository/1_Security and Login/Login_Button_Sign in' is clicked on

04-08-2025T13:05:06 - [TEST_STEP][PASSED] - waitForElementVisible(findTestObject("Object Repository/1_Security and Login/Login_Text_LoginFailed"), 10): Object 'Object Repository/1_Security and Login/Login_Text_LoginFailed' is visible

04-08-2025T13:05:07 - [MESSAGE][PASSED] - Object 'Object Repository/1_Security and Login/Login_Text_LoginFailed' is visible

04-08-2025T13:05:07 - [TEST_STEP][PASSED] - verifyElementVisible(findTestObject("Object Repository/1_Security and Login/Login_Text_LoginFailed")): Object 'Object Repository/1_Security and Login/Login_Text_LoginFailed' is visible

04-08-2025T13:05:07 - [MESSAGE][PASSED] - Object 'Object Repository/1_Security and Login/Login_Text_LoginFailed' is visible

04-08-2025T13:05:07 - [TEST_STEP][PASSED] - closeBrowser(): Browser is closed

04-08-2025T13:05:07 - [MESSAGE][PASSED] - Browser is closed]]></system-out>
         <system-err><![CDATA[]]></system-err>
      </testcase>
      <testcase name="Test Cases/1_Security and Login/TC1003_SecurityAndLogin_Login_Success" time="10.469" classname="Test Cases/1_Security and Login/TC1003_SecurityAndLogin_Login_Success" status="PASSED">
         <system-out><![CDATA[04-08-2025T13:05:07 - [TEST_CASE][PASSED] - Test Cases/1_Security and Login/TC1003_SecurityAndLogin_Login_Success: Test Cases/1_Security and Login/TC1003_SecurityAndLogin_Login_Success

04-08-2025T13:05:07 - [TEST_STEP][PASSED] - openBrowser(""): Browser is opened with url: ''

04-08-2025T13:05:07 - [MESSAGE][INFO] - Starting 'Chrome' driver

04-08-2025T13:05:07 - [MESSAGE][INFO] - Action delay is set to 0 milliseconds

04-08-2025T13:05:09 - [MESSAGE][PASSED] - Browser is opened with url: ''

04-08-2025T13:05:09 - [TEST_STEP][PASSED] - maximizeWindow(): Current window maximized

04-08-2025T13:05:09 - [MESSAGE][PASSED] - Current window maximized

04-08-2025T13:05:09 - [TEST_STEP][PASSED] - navigateToUrl("https://lexinqa.lexinsolutions.com/"): Navigate to 'https://lexinqa.lexinsolutions.com/' successfully

04-08-2025T13:05:11 - [MESSAGE][PASSED] - Navigate to 'https://lexinqa.lexinsolutions.com/' successfully

04-08-2025T13:05:11 - [TEST_STEP][PASSED] - setText(findTestObject("Object Repository/1_Security and Login/Login_Input_Email"), "demo+1@nymbl.app"): Text 'demo+1@nymbl.app' is set on object 'Object Repository/1_Security and Login/Login_Input_Email'

04-08-2025T13:05:13 - [MESSAGE][PASSED] - Text 'demo+1@nymbl.app' is set on object 'Object Repository/1_Security and Login/Login_Input_Email'

04-08-2025T13:05:13 - [TEST_STEP][PASSED] - setEncryptedText(findTestObject("Object Repository/1_Security and Login/Login_Input_Password"), "JlrLFiaChPTP/Psp+sMNCg=="): Text ****** has been set on object 'Object Repository/1_Security and Login/Login_Input_Password'

04-08-2025T13:05:13 - [MESSAGE][PASSED] - Text ****** has been set on object 'Object Repository/1_Security and Login/Login_Input_Password'

04-08-2025T13:05:13 - [TEST_STEP][PASSED] - sendKeys(findTestObject("Object Repository/1_Security and Login/Login_Input_Password"), Keys.chord(ENTER)): Keys 'ENTER + ' sent to object: 'Object Repository/1_Security and Login/Login_Input_Password'

04-08-2025T13:05:13 - [MESSAGE][PASSED] - Keys 'ENTER + ' sent to object: 'Object Repository/1_Security and Login/Login_Input_Password'

04-08-2025T13:05:13 - [TEST_STEP][PASSED] - waitForPageLoad(10): Wait for page load successfully

04-08-2025T13:05:13 - [MESSAGE][PASSED] - Wait for page load successfully

04-08-2025T13:05:13 - [TEST_STEP][PASSED] - waitForElementVisible(findTestObject("2_Navigation/Nav_Breadcrumb_Dashboard"), 10): Object 'Object Repository/2_Navigation/Nav_Breadcrumb_Dashboard' is visible

04-08-2025T13:05:18 - [MESSAGE][PASSED] - Object 'Object Repository/2_Navigation/Nav_Breadcrumb_Dashboard' is visible

04-08-2025T13:05:18 - [TEST_STEP][PASSED] - verifyElementVisible(findTestObject("2_Navigation/Nav_Breadcrumb_Dashboard")): Object 'Object Repository/2_Navigation/Nav_Breadcrumb_Dashboard' is visible

04-08-2025T13:05:18 - [MESSAGE][PASSED] - Object 'Object Repository/2_Navigation/Nav_Breadcrumb_Dashboard' is visible

04-08-2025T13:05:18 - [TEST_STEP][PASSED] - closeBrowser(): Browser is closed

04-08-2025T13:05:18 - [MESSAGE][PASSED] - Browser is closed]]></system-out>
         <system-err><![CDATA[]]></system-err>
      </testcase>
      <testcase name="Test Cases/1_Security and Login/TC1004_SecurityAndLogin_Logout_Success" time="14.712" classname="Test Cases/1_Security and Login/TC1004_SecurityAndLogin_Logout_Success" status="PASSED">
         <system-out><![CDATA[04-08-2025T13:05:18 - [TEST_CASE][PASSED] - Test Cases/1_Security and Login/TC1004_SecurityAndLogin_Logout_Success: Test Cases/1_Security and Login/TC1004_SecurityAndLogin_Logout_Success

04-08-2025T13:05:18 - [TEST_STEP][PASSED] - openBrowser(""): Browser is opened with url: ''

04-08-2025T13:05:18 - [MESSAGE][INFO] - Starting 'Chrome' driver

04-08-2025T13:05:18 - [MESSAGE][INFO] - Action delay is set to 0 milliseconds

04-08-2025T13:05:23 - [MESSAGE][PASSED] - Browser is opened with url: ''

04-08-2025T13:05:23 - [TEST_STEP][PASSED] - maximizeWindow(): Current window maximized

04-08-2025T13:05:23 - [MESSAGE][PASSED] - Current window maximized

04-08-2025T13:05:23 - [TEST_STEP][PASSED] - navigateToUrl("https://lexinqa.lexinsolutions.com/"): Navigate to 'https://lexinqa.lexinsolutions.com/' successfully

04-08-2025T13:05:24 - [MESSAGE][PASSED] - Navigate to 'https://lexinqa.lexinsolutions.com/' successfully

04-08-2025T13:05:24 - [TEST_STEP][PASSED] - setText(findTestObject("Object Repository/1_Security and Login/Login_Input_Email"), "demo+1@nymbl.app"): Text 'demo+1@nymbl.app' is set on object 'Object Repository/1_Security and Login/Login_Input_Email'

04-08-2025T13:05:25 - [MESSAGE][PASSED] - Text 'demo+1@nymbl.app' is set on object 'Object Repository/1_Security and Login/Login_Input_Email'

04-08-2025T13:05:25 - [TEST_STEP][PASSED] - setEncryptedText(findTestObject("Object Repository/1_Security and Login/Login_Input_Password"), "JlrLFiaChPTP/Psp+sMNCg=="): Text ****** has been set on object 'Object Repository/1_Security and Login/Login_Input_Password'

04-08-2025T13:05:26 - [MESSAGE][PASSED] - Text ****** has been set on object 'Object Repository/1_Security and Login/Login_Input_Password'

04-08-2025T13:05:26 - [TEST_STEP][PASSED] - sendKeys(findTestObject("Object Repository/1_Security and Login/Login_Input_Password"), Keys.chord(ENTER)): Keys 'ENTER + ' sent to object: 'Object Repository/1_Security and Login/Login_Input_Password'

04-08-2025T13:05:26 - [MESSAGE][PASSED] - Keys 'ENTER + ' sent to object: 'Object Repository/1_Security and Login/Login_Input_Password'

04-08-2025T13:05:26 - [TEST_STEP][PASSED] - waitForElementVisible(findTestObject("2_Navigation/Nav_Breadcrumb_Dashboard"), 10): Object 'Object Repository/2_Navigation/Nav_Breadcrumb_Dashboard' is visible

04-08-2025T13:05:31 - [MESSAGE][PASSED] - Object 'Object Repository/2_Navigation/Nav_Breadcrumb_Dashboard' is visible

04-08-2025T13:05:31 - [TEST_STEP][PASSED] - click(findTestObject("2_Navigation/Nav_Dropdown_Utility")): Object: 'Object Repository/2_Navigation/Nav_Dropdown_Utility' is clicked on

04-08-2025T13:05:31 - [MESSAGE][PASSED] - Object: 'Object Repository/2_Navigation/Nav_Dropdown_Utility' is clicked on

04-08-2025T13:05:31 - [TEST_STEP][PASSED] - click(findTestObject("2_Navigation/Nav_Utility_button_Logout")): Object: 'Object Repository/2_Navigation/Nav_Utility_button_Logout' is clicked on

04-08-2025T13:05:32 - [MESSAGE][PASSED] - Object: 'Object Repository/2_Navigation/Nav_Utility_button_Logout' is clicked on

04-08-2025T13:05:32 - [TEST_STEP][PASSED] - waitForPageLoad(10): Wait for page load successfully

04-08-2025T13:05:32 - [MESSAGE][PASSED] - Wait for page load successfully

04-08-2025T13:05:32 - [TEST_STEP][PASSED] - waitForElementVisible(findTestObject("1_Security and Login/Login_Text_WelcomeBack"), 10): Object 'Object Repository/1_Security and Login/Login_Text_WelcomeBack' is visible

04-08-2025T13:05:32 - [MESSAGE][PASSED] - Object 'Object Repository/1_Security and Login/Login_Text_WelcomeBack' is visible

04-08-2025T13:05:32 - [TEST_STEP][PASSED] - verifyElementVisible(findTestObject("1_Security and Login/Login_Text_WelcomeBack")): Object 'Object Repository/1_Security and Login/Login_Text_WelcomeBack' is visible

04-08-2025T13:05:32 - [MESSAGE][PASSED] - Object 'Object Repository/1_Security and Login/Login_Text_WelcomeBack' is visible

04-08-2025T13:05:32 - [TEST_STEP][PASSED] - waitForPageLoad(10): Wait for page load successfully

04-08-2025T13:05:32 - [MESSAGE][PASSED] - Wait for page load successfully

04-08-2025T13:05:32 - [TEST_STEP][PASSED] - closeBrowser(): Browser is closed

04-08-2025T13:05:33 - [MESSAGE][PASSED] - Browser is closed]]></system-out>
         <system-err><![CDATA[]]></system-err>
      </testcase>
      <testcase name="Test Cases/2_Navigation/TC2001_Navigation_Search_Success" time="12.385" classname="Test Cases/2_Navigation/TC2001_Navigation_Search_Success" status="PASSED">
         <system-out><![CDATA[04-08-2025T13:05:33 - [TEST_CASE][PASSED] - Test Cases/2_Navigation/TC2001_Navigation_Search_Success: Test Cases/2_Navigation/TC2001_Navigation_Search_Success

04-08-2025T13:05:33 - [TEST_STEP][PASSED] - openBrowser(""): Browser is opened with url: ''

04-08-2025T13:05:33 - [MESSAGE][INFO] - Starting 'Chrome' driver

04-08-2025T13:05:33 - [MESSAGE][INFO] - Action delay is set to 0 milliseconds

04-08-2025T13:05:34 - [MESSAGE][PASSED] - Browser is opened with url: ''

04-08-2025T13:05:34 - [TEST_STEP][PASSED] - maximizeWindow(): Current window maximized

04-08-2025T13:05:34 - [MESSAGE][PASSED] - Current window maximized

04-08-2025T13:05:34 - [TEST_STEP][PASSED] - navigateToUrl("https://lexinqa.lexinsolutions.com/"): Navigate to 'https://lexinqa.lexinsolutions.com/' successfully

04-08-2025T13:05:36 - [MESSAGE][PASSED] - Navigate to 'https://lexinqa.lexinsolutions.com/' successfully

04-08-2025T13:05:36 - [TEST_STEP][PASSED] - setText(findTestObject("Object Repository/1_Security and Login/Login_Input_Email"), "demo+1@nymbl.app"): Text 'demo+1@nymbl.app' is set on object 'Object Repository/1_Security and Login/Login_Input_Email'

04-08-2025T13:05:38 - [MESSAGE][PASSED] - Text 'demo+1@nymbl.app' is set on object 'Object Repository/1_Security and Login/Login_Input_Email'

04-08-2025T13:05:38 - [TEST_STEP][PASSED] - setEncryptedText(findTestObject("Object Repository/1_Security and Login/Login_Input_Password"), "JlrLFiaChPTP/Psp+sMNCg=="): Text ****** has been set on object 'Object Repository/1_Security and Login/Login_Input_Password'

04-08-2025T13:05:38 - [MESSAGE][PASSED] - Text ****** has been set on object 'Object Repository/1_Security and Login/Login_Input_Password'

04-08-2025T13:05:38 - [TEST_STEP][PASSED] - sendKeys(findTestObject("Object Repository/1_Security and Login/Login_Input_Password"), Keys.chord(ENTER)): Keys 'ENTER + ' sent to object: 'Object Repository/1_Security and Login/Login_Input_Password'

04-08-2025T13:05:38 - [MESSAGE][PASSED] - Keys 'ENTER + ' sent to object: 'Object Repository/1_Security and Login/Login_Input_Password'

04-08-2025T13:05:38 - [TEST_STEP][PASSED] - click(findTestObject("2_Navigation/Nav_Button_Search")): Object: 'Object Repository/2_Navigation/Nav_Button_Search' is clicked on

04-08-2025T13:05:43 - [MESSAGE][PASSED] - Object: 'Object Repository/2_Navigation/Nav_Button_Search' is clicked on

04-08-2025T13:05:43 - [TEST_STEP][PASSED] - waitForElementVisible(findTestObject("Object Repository/3_Search/Search_Breadcrumb_Search"), 10): Object 'Object Repository/3_Search/Search_Breadcrumb_Search' is visible

04-08-2025T13:05:45 - [MESSAGE][PASSED] - Object 'Object Repository/3_Search/Search_Breadcrumb_Search' is visible

04-08-2025T13:05:45 - [TEST_STEP][PASSED] - verifyElementPresent(findTestObject("Object Repository/3_Search/Search_Breadcrumb_Search"), 10): Object 'Object Repository/3_Search/Search_Breadcrumb_Search' is present

04-08-2025T13:05:45 - [MESSAGE][PASSED] - Object 'Object Repository/3_Search/Search_Breadcrumb_Search' is present

04-08-2025T13:05:45 - [TEST_STEP][PASSED] - closeBrowser(): Browser is closed

04-08-2025T13:05:45 - [MESSAGE][PASSED] - Browser is closed]]></system-out>
         <system-err><![CDATA[]]></system-err>
      </testcase>
      <testcase name="Test Cases/2_Navigation/TC2002_Navigation_Dashboard_Success" time="14.075" classname="Test Cases/2_Navigation/TC2002_Navigation_Dashboard_Success" status="PASSED">
         <system-out><![CDATA[04-08-2025T13:05:45 - [TEST_CASE][PASSED] - Test Cases/2_Navigation/TC2002_Navigation_Dashboard_Success: Test Cases/2_Navigation/TC2002_Navigation_Dashboard_Success

04-08-2025T13:05:45 - [TEST_STEP][PASSED] - openBrowser(""): Browser is opened with url: ''

04-08-2025T13:05:45 - [MESSAGE][INFO] - Starting 'Chrome' driver

04-08-2025T13:05:45 - [MESSAGE][INFO] - Action delay is set to 0 milliseconds

04-08-2025T13:05:46 - [MESSAGE][PASSED] - Browser is opened with url: ''

04-08-2025T13:05:46 - [TEST_STEP][PASSED] - maximizeWindow(): Current window maximized

04-08-2025T13:05:47 - [MESSAGE][PASSED] - Current window maximized

04-08-2025T13:05:47 - [TEST_STEP][PASSED] - navigateToUrl("https://lexinqa.lexinsolutions.com/"): Navigate to 'https://lexinqa.lexinsolutions.com/' successfully

04-08-2025T13:05:49 - [MESSAGE][PASSED] - Navigate to 'https://lexinqa.lexinsolutions.com/' successfully

04-08-2025T13:05:49 - [TEST_STEP][PASSED] - setText(findTestObject("Object Repository/1_Security and Login/Login_Input_Email"), "demo+1@nymbl.app"): Text 'demo+1@nymbl.app' is set on object 'Object Repository/1_Security and Login/Login_Input_Email'

04-08-2025T13:05:50 - [MESSAGE][PASSED] - Text 'demo+1@nymbl.app' is set on object 'Object Repository/1_Security and Login/Login_Input_Email'

04-08-2025T13:05:50 - [TEST_STEP][PASSED] - setEncryptedText(findTestObject("Object Repository/1_Security and Login/Login_Input_Password"), "JlrLFiaChPTP/Psp+sMNCg=="): Text ****** has been set on object 'Object Repository/1_Security and Login/Login_Input_Password'

04-08-2025T13:05:50 - [MESSAGE][PASSED] - Text ****** has been set on object 'Object Repository/1_Security and Login/Login_Input_Password'

04-08-2025T13:05:50 - [TEST_STEP][PASSED] - sendKeys(findTestObject("Object Repository/1_Security and Login/Login_Input_Password"), Keys.chord(ENTER)): Keys 'ENTER + ' sent to object: 'Object Repository/1_Security and Login/Login_Input_Password'

04-08-2025T13:05:51 - [MESSAGE][PASSED] - Keys 'ENTER + ' sent to object: 'Object Repository/1_Security and Login/Login_Input_Password'

04-08-2025T13:05:51 - [TEST_STEP][PASSED] - click(findTestObject("2_Navigation/Nav_Button_Search")): Object: 'Object Repository/2_Navigation/Nav_Button_Search' is clicked on

04-08-2025T13:05:55 - [MESSAGE][PASSED] - Object: 'Object Repository/2_Navigation/Nav_Button_Search' is clicked on

04-08-2025T13:05:55 - [TEST_STEP][PASSED] - verifyElementPresent(findTestObject("Object Repository/3_Search/Search_Breadcrumb_Search"), 10): Object 'Object Repository/3_Search/Search_Breadcrumb_Search' is present

04-08-2025T13:05:57 - [MESSAGE][PASSED] - Object 'Object Repository/3_Search/Search_Breadcrumb_Search' is present

04-08-2025T13:05:57 - [TEST_STEP][PASSED] - click(findTestObject("Object Repository/2_Navigation/Nav_Button_Dashboard")): Object: 'Object Repository/2_Navigation/Nav_Button_Dashboard' is clicked on

04-08-2025T13:05:57 - [MESSAGE][PASSED] - Object: 'Object Repository/2_Navigation/Nav_Button_Dashboard' is clicked on

04-08-2025T13:05:57 - [TEST_STEP][PASSED] - waitForElementVisible(findTestObject("2_Navigation/Nav_Breadcrumb_Dashboard"), 10): Object 'Object Repository/2_Navigation/Nav_Breadcrumb_Dashboard' is visible

04-08-2025T13:05:59 - [MESSAGE][PASSED] - Object 'Object Repository/2_Navigation/Nav_Breadcrumb_Dashboard' is visible

04-08-2025T13:05:59 - [TEST_STEP][PASSED] - verifyElementPresent(findTestObject("2_Navigation/Nav_Breadcrumb_Dashboard"), 10): Object 'Object Repository/2_Navigation/Nav_Breadcrumb_Dashboard' is present

04-08-2025T13:05:59 - [MESSAGE][PASSED] - Object 'Object Repository/2_Navigation/Nav_Breadcrumb_Dashboard' is present

04-08-2025T13:05:59 - [TEST_STEP][PASSED] - closeBrowser(): Browser is closed

04-08-2025T13:05:59 - [MESSAGE][PASSED] - Browser is closed]]></system-out>
         <system-err><![CDATA[]]></system-err>
      </testcase>
      <testcase name="Test Cases/2_Navigation/TC2003_Navigation_CreateMaterial_Success" time="12.731" classname="Test Cases/2_Navigation/TC2003_Navigation_CreateMaterial_Success" status="PASSED">
         <system-out><![CDATA[04-08-2025T13:05:59 - [TEST_CASE][PASSED] - Test Cases/2_Navigation/TC2003_Navigation_CreateMaterial_Success: Test Cases/2_Navigation/TC2003_Navigation_CreateMaterial_Success

04-08-2025T13:05:59 - [TEST_STEP][PASSED] - openBrowser(""): Browser is opened with url: ''

04-08-2025T13:05:59 - [MESSAGE][INFO] - Starting 'Chrome' driver

04-08-2025T13:05:59 - [MESSAGE][INFO] - Action delay is set to 0 milliseconds

04-08-2025T13:06:00 - [MESSAGE][PASSED] - Browser is opened with url: ''

04-08-2025T13:06:00 - [TEST_STEP][PASSED] - maximizeWindow(): Current window maximized

04-08-2025T13:06:01 - [MESSAGE][PASSED] - Current window maximized

04-08-2025T13:06:01 - [TEST_STEP][PASSED] - navigateToUrl("https://lexinqa.lexinsolutions.com/"): Navigate to 'https://lexinqa.lexinsolutions.com/' successfully

04-08-2025T13:06:03 - [MESSAGE][PASSED] - Navigate to 'https://lexinqa.lexinsolutions.com/' successfully

04-08-2025T13:06:03 - [TEST_STEP][PASSED] - setText(findTestObject("Object Repository/1_Security and Login/Login_Input_Email"), "demo+1@nymbl.app"): Text 'demo+1@nymbl.app' is set on object 'Object Repository/1_Security and Login/Login_Input_Email'

04-08-2025T13:06:04 - [MESSAGE][PASSED] - Text 'demo+1@nymbl.app' is set on object 'Object Repository/1_Security and Login/Login_Input_Email'

04-08-2025T13:06:04 - [TEST_STEP][PASSED] - setEncryptedText(findTestObject("Object Repository/1_Security and Login/Login_Input_Password"), "JlrLFiaChPTP/Psp+sMNCg=="): Text ****** has been set on object 'Object Repository/1_Security and Login/Login_Input_Password'

04-08-2025T13:06:04 - [MESSAGE][PASSED] - Text ****** has been set on object 'Object Repository/1_Security and Login/Login_Input_Password'

04-08-2025T13:06:04 - [TEST_STEP][PASSED] - sendKeys(findTestObject("Object Repository/1_Security and Login/Login_Input_Password"), Keys.chord(ENTER)): Keys 'ENTER + ' sent to object: 'Object Repository/1_Security and Login/Login_Input_Password'

04-08-2025T13:06:05 - [MESSAGE][PASSED] - Keys 'ENTER + ' sent to object: 'Object Repository/1_Security and Login/Login_Input_Password'

04-08-2025T13:06:05 - [TEST_STEP][PASSED] - mouseOver(findTestObject("Object Repository/2_Navigation/Nav_Button_MaterialGroup")): Object: 'Object Repository/2_Navigation/Nav_Button_MaterialGroup' is hovered

04-08-2025T13:06:10 - [MESSAGE][PASSED] - Object: 'Object Repository/2_Navigation/Nav_Button_MaterialGroup' is hovered

04-08-2025T13:06:10 - [TEST_STEP][PASSED] - click(findTestObject("Object Repository/2_Navigation/Nav_Button_MaterialGroup_Create")): Object: 'Object Repository/2_Navigation/Nav_Button_MaterialGroup_Create' is clicked on

04-08-2025T13:06:10 - [MESSAGE][PASSED] - Object: 'Object Repository/2_Navigation/Nav_Button_MaterialGroup_Create' is clicked on

04-08-2025T13:06:10 - [TEST_STEP][PASSED] - waitForElementVisible(findTestObject("Object Repository/2_Navigation/Nav_Breadcrumb_CreateMaterial"), 10): Object 'Object Repository/2_Navigation/Nav_Breadcrumb_CreateMaterial' is visible

04-08-2025T13:06:11 - [MESSAGE][PASSED] - Object 'Object Repository/2_Navigation/Nav_Breadcrumb_CreateMaterial' is visible

04-08-2025T13:06:11 - [TEST_STEP][PASSED] - verifyElementPresent(findTestObject("Object Repository/2_Navigation/Nav_Breadcrumb_CreateMaterial"), 10): Object 'Object Repository/2_Navigation/Nav_Breadcrumb_CreateMaterial' is present

04-08-2025T13:06:12 - [MESSAGE][PASSED] - Object 'Object Repository/2_Navigation/Nav_Breadcrumb_CreateMaterial' is present

04-08-2025T13:06:12 - [TEST_STEP][PASSED] - closeBrowser(): Browser is closed

04-08-2025T13:06:12 - [MESSAGE][PASSED] - Browser is closed]]></system-out>
         <system-err><![CDATA[]]></system-err>
      </testcase>
      <testcase name="Test Cases/2_Navigation/TC2004_Navigation_Enrichment_Success" time="13.405" classname="Test Cases/2_Navigation/TC2004_Navigation_Enrichment_Success" status="PASSED">
         <system-out><![CDATA[04-08-2025T13:06:12 - [TEST_CASE][PASSED] - Test Cases/2_Navigation/TC2004_Navigation_Enrichment_Success: Test Cases/2_Navigation/TC2004_Navigation_Enrichment_Success

04-08-2025T13:06:12 - [TEST_STEP][PASSED] - openBrowser(""): Browser is opened with url: ''

04-08-2025T13:06:12 - [MESSAGE][INFO] - Starting 'Chrome' driver

04-08-2025T13:06:12 - [MESSAGE][INFO] - Action delay is set to 0 milliseconds

04-08-2025T13:06:13 - [MESSAGE][PASSED] - Browser is opened with url: ''

04-08-2025T13:06:13 - [TEST_STEP][PASSED] - maximizeWindow(): Current window maximized

04-08-2025T13:06:13 - [MESSAGE][PASSED] - Current window maximized

04-08-2025T13:06:13 - [TEST_STEP][PASSED] - navigateToUrl("https://lexinqa.lexinsolutions.com/"): Navigate to 'https://lexinqa.lexinsolutions.com/' successfully

04-08-2025T13:06:16 - [MESSAGE][PASSED] - Navigate to 'https://lexinqa.lexinsolutions.com/' successfully

04-08-2025T13:06:16 - [TEST_STEP][PASSED] - setText(findTestObject("Object Repository/1_Security and Login/Login_Input_Email"), "demo+1@nymbl.app"): Text 'demo+1@nymbl.app' is set on object 'Object Repository/1_Security and Login/Login_Input_Email'

04-08-2025T13:06:17 - [MESSAGE][PASSED] - Text 'demo+1@nymbl.app' is set on object 'Object Repository/1_Security and Login/Login_Input_Email'

04-08-2025T13:06:17 - [TEST_STEP][PASSED] - setEncryptedText(findTestObject("Object Repository/1_Security and Login/Login_Input_Password"), "JlrLFiaChPTP/Psp+sMNCg=="): Text ****** has been set on object 'Object Repository/1_Security and Login/Login_Input_Password'

04-08-2025T13:06:17 - [MESSAGE][PASSED] - Text ****** has been set on object 'Object Repository/1_Security and Login/Login_Input_Password'

04-08-2025T13:06:17 - [TEST_STEP][PASSED] - sendKeys(findTestObject("Object Repository/1_Security and Login/Login_Input_Password"), Keys.chord(ENTER)): Keys 'ENTER + ' sent to object: 'Object Repository/1_Security and Login/Login_Input_Password'

04-08-2025T13:06:17 - [MESSAGE][PASSED] - Keys 'ENTER + ' sent to object: 'Object Repository/1_Security and Login/Login_Input_Password'

04-08-2025T13:06:17 - [TEST_STEP][PASSED] - mouseOver(findTestObject("Object Repository/2_Navigation/Nav_Button_MaterialGroup")): Object: 'Object Repository/2_Navigation/Nav_Button_MaterialGroup' is hovered

04-08-2025T13:06:22 - [MESSAGE][PASSED] - Object: 'Object Repository/2_Navigation/Nav_Button_MaterialGroup' is hovered

04-08-2025T13:06:22 - [TEST_STEP][PASSED] - click(findTestObject("2_Navigation/Nav_Button_MaterialGroup_Enrichment")): Object: 'Object Repository/2_Navigation/Nav_Button_MaterialGroup_Enrichment' is clicked on

04-08-2025T13:06:22 - [MESSAGE][PASSED] - Object: 'Object Repository/2_Navigation/Nav_Button_MaterialGroup_Enrichment' is clicked on

04-08-2025T13:06:22 - [TEST_STEP][PASSED] - waitForElementVisible(findTestObject("Object Repository/2_Navigation/Nav_Breadcrumb_Enrichment"), 10): Object 'Object Repository/2_Navigation/Nav_Breadcrumb_Enrichment' is visible

04-08-2025T13:06:24 - [MESSAGE][PASSED] - Object 'Object Repository/2_Navigation/Nav_Breadcrumb_Enrichment' is visible

04-08-2025T13:06:24 - [TEST_STEP][PASSED] - verifyElementPresent(findTestObject("Object Repository/2_Navigation/Nav_Breadcrumb_Enrichment"), 10): Object 'Object Repository/2_Navigation/Nav_Breadcrumb_Enrichment' is present

04-08-2025T13:06:25 - [MESSAGE][PASSED] - Object 'Object Repository/2_Navigation/Nav_Breadcrumb_Enrichment' is present

04-08-2025T13:06:25 - [TEST_STEP][PASSED] - closeBrowser(): Browser is closed

04-08-2025T13:06:25 - [MESSAGE][PASSED] - Browser is closed]]></system-out>
         <system-err><![CDATA[]]></system-err>
      </testcase>
      <testcase name="Test Cases/3_Search/TC3001_Search_ValidMaterialNumber_Success" time="12.109" classname="Test Cases/3_Search/TC3001_Search_ValidMaterialNumber_Success" status="PASSED">
         <system-out><![CDATA[04-08-2025T13:06:25 - [TEST_CASE][PASSED] - Test Cases/3_Search/TC3001_Search_ValidMaterialNumber_Success: Test Cases/3_Search/TC3001_Search_ValidMaterialNumber_Success

04-08-2025T13:06:25 - [TEST_STEP][PASSED] - openBrowser(""): Browser is opened with url: ''

04-08-2025T13:06:25 - [MESSAGE][INFO] - Starting 'Chrome' driver

04-08-2025T13:06:25 - [MESSAGE][INFO] - Action delay is set to 0 milliseconds

04-08-2025T13:06:26 - [MESSAGE][PASSED] - Browser is opened with url: ''

04-08-2025T13:06:26 - [TEST_STEP][PASSED] - maximizeWindow(): Current window maximized

04-08-2025T13:06:27 - [MESSAGE][PASSED] - Current window maximized

04-08-2025T13:06:27 - [TEST_STEP][PASSED] - navigateToUrl("https://lexinqa.lexinsolutions.com/"): Navigate to 'https://lexinqa.lexinsolutions.com/' successfully

04-08-2025T13:06:29 - [MESSAGE][PASSED] - Navigate to 'https://lexinqa.lexinsolutions.com/' successfully

04-08-2025T13:06:29 - [TEST_STEP][PASSED] - setText(findTestObject("Object Repository/1_Security and Login/Login_Input_Email"), "demo+1@nymbl.app"): Text 'demo+1@nymbl.app' is set on object 'Object Repository/1_Security and Login/Login_Input_Email'

04-08-2025T13:06:30 - [MESSAGE][PASSED] - Text 'demo+1@nymbl.app' is set on object 'Object Repository/1_Security and Login/Login_Input_Email'

04-08-2025T13:06:30 - [TEST_STEP][PASSED] - setEncryptedText(findTestObject("Object Repository/1_Security and Login/Login_Input_Password"), "JlrLFiaChPTP/Psp+sMNCg=="): Text ****** has been set on object 'Object Repository/1_Security and Login/Login_Input_Password'

04-08-2025T13:06:30 - [MESSAGE][PASSED] - Text ****** has been set on object 'Object Repository/1_Security and Login/Login_Input_Password'

04-08-2025T13:06:30 - [TEST_STEP][PASSED] - sendKeys(findTestObject("Object Repository/1_Security and Login/Login_Input_Password"), Keys.chord(ENTER)): Keys 'ENTER + ' sent to object: 'Object Repository/1_Security and Login/Login_Input_Password'

04-08-2025T13:06:31 - [MESSAGE][PASSED] - Keys 'ENTER + ' sent to object: 'Object Repository/1_Security and Login/Login_Input_Password'

04-08-2025T13:06:31 - [TEST_STEP][PASSED] - click(findTestObject("2_Navigation/Nav_Button_Search")): Object: 'Object Repository/2_Navigation/Nav_Button_Search' is clicked on

04-08-2025T13:06:35 - [MESSAGE][PASSED] - Object: 'Object Repository/2_Navigation/Nav_Button_Search' is clicked on

04-08-2025T13:06:35 - [TEST_STEP][PASSED] - setText(findTestObject("Object Repository/3_Search/Search_Input_Keyword"), "water"): Text 'water' is set on object 'Object Repository/3_Search/Search_Input_Keyword'

04-08-2025T13:06:37 - [MESSAGE][PASSED] - Text 'water' is set on object 'Object Repository/3_Search/Search_Input_Keyword'

04-08-2025T13:06:37 - [TEST_STEP][PASSED] - closeBrowser(): Browser is closed

04-08-2025T13:06:37 - [MESSAGE][PASSED] - Browser is closed]]></system-out>
         <system-err><![CDATA[]]></system-err>
      </testcase>
      <testcase name="Test Cases/3_Search/TC3002_Search_SingleSearch_Success" time="16.871" classname="Test Cases/3_Search/TC3002_Search_SingleSearch_Success" status="PASSED">
         <system-out><![CDATA[04-08-2025T13:06:37 - [TEST_CASE][PASSED] - Test Cases/3_Search/TC3002_Search_SingleSearch_Success: Test Cases/3_Search/TC3002_Search_SingleSearch_Success

04-08-2025T13:06:37 - [TEST_STEP][PASSED] - openBrowser(""): Browser is opened with url: ''

04-08-2025T13:06:37 - [MESSAGE][INFO] - Starting 'Chrome' driver

04-08-2025T13:06:37 - [MESSAGE][INFO] - Action delay is set to 0 milliseconds

04-08-2025T13:06:38 - [MESSAGE][PASSED] - Browser is opened with url: ''

04-08-2025T13:06:38 - [TEST_STEP][PASSED] - maximizeWindow(): Current window maximized

04-08-2025T13:06:39 - [MESSAGE][PASSED] - Current window maximized

04-08-2025T13:06:39 - [TEST_STEP][PASSED] - navigateToUrl("https://lexinqa.lexinsolutions.com/"): Navigate to 'https://lexinqa.lexinsolutions.com/' successfully

04-08-2025T13:06:41 - [MESSAGE][PASSED] - Navigate to 'https://lexinqa.lexinsolutions.com/' successfully

04-08-2025T13:06:41 - [TEST_STEP][PASSED] - setText(findTestObject("Object Repository/1_Security and Login/Login_Input_Email"), "demo+1@nymbl.app"): Text 'demo+1@nymbl.app' is set on object 'Object Repository/1_Security and Login/Login_Input_Email'

04-08-2025T13:06:42 - [MESSAGE][PASSED] - Text 'demo+1@nymbl.app' is set on object 'Object Repository/1_Security and Login/Login_Input_Email'

04-08-2025T13:06:42 - [TEST_STEP][PASSED] - setEncryptedText(findTestObject("Object Repository/1_Security and Login/Login_Input_Password"), "JlrLFiaChPTP/Psp+sMNCg=="): Text ****** has been set on object 'Object Repository/1_Security and Login/Login_Input_Password'

04-08-2025T13:06:42 - [MESSAGE][PASSED] - Text ****** has been set on object 'Object Repository/1_Security and Login/Login_Input_Password'

04-08-2025T13:06:42 - [TEST_STEP][PASSED] - sendKeys(findTestObject("Object Repository/1_Security and Login/Login_Input_Password"), Keys.chord(ENTER)): Keys 'ENTER + ' sent to object: 'Object Repository/1_Security and Login/Login_Input_Password'

04-08-2025T13:06:43 - [MESSAGE][PASSED] - Keys 'ENTER + ' sent to object: 'Object Repository/1_Security and Login/Login_Input_Password'

04-08-2025T13:06:43 - [TEST_STEP][PASSED] - click(findTestObject("Object Repository/2_Navigation/Nav_Button_Search")): Object: 'Object Repository/2_Navigation/Nav_Button_Search' is clicked on

04-08-2025T13:06:46 - [MESSAGE][PASSED] - Object: 'Object Repository/2_Navigation/Nav_Button_Search' is clicked on

04-08-2025T13:06:46 - [TEST_STEP][PASSED] - click(findTestObject("Object Repository/3_Search/Search_Button_SearchFromInput")): Object: 'Object Repository/3_Search/Search_Button_SearchFromInput' is clicked on

04-08-2025T13:06:48 - [MESSAGE][PASSED] - Object: 'Object Repository/3_Search/Search_Button_SearchFromInput' is clicked on

04-08-2025T13:06:48 - [TEST_STEP][PASSED] - click(findTestObject("Object Repository/3_Search/Search_Button_NewButtonFromInput")): Object: 'Object Repository/3_Search/Search_Button_NewButtonFromInput' is clicked on

04-08-2025T13:06:49 - [MESSAGE][PASSED] - Object: 'Object Repository/3_Search/Search_Button_NewButtonFromInput' is clicked on

04-08-2025T13:06:49 - [TEST_STEP][PASSED] - click(findTestObject("Object Repository/3_Search/Search_DropdownInput_Field")): Object: 'Object Repository/3_Search/Search_DropdownInput_Field' is clicked on

04-08-2025T13:06:50 - [MESSAGE][PASSED] - Object: 'Object Repository/3_Search/Search_DropdownInput_Field' is clicked on

04-08-2025T13:06:50 - [TEST_STEP][PASSED] - waitForElementVisible(findTestObject("Object Repository/3_Search/Search_Dropdown_Field_MaterialNumber"), 10): Object 'Object Repository/3_Search/Search_Dropdown_Field_MaterialNumber' is visible

04-08-2025T13:06:50 - [MESSAGE][PASSED] - Object 'Object Repository/3_Search/Search_Dropdown_Field_MaterialNumber' is visible

04-08-2025T13:06:50 - [TEST_STEP][PASSED] - click(findTestObject("Object Repository/3_Search/Search_Dropdown_Field_MaterialNumber")): Object: 'Object Repository/3_Search/Search_Dropdown_Field_MaterialNumber' is clicked on

04-08-2025T13:06:50 - [MESSAGE][PASSED] - Object: 'Object Repository/3_Search/Search_Dropdown_Field_MaterialNumber' is clicked on

04-08-2025T13:06:50 - [TEST_STEP][PASSED] - click(findTestObject("Object Repository/3_Search/Search_DropdownInput_Operator")): Object: 'Object Repository/3_Search/Search_DropdownInput_Operator' is clicked on

04-08-2025T13:06:51 - [MESSAGE][PASSED] - Object: 'Object Repository/3_Search/Search_DropdownInput_Operator' is clicked on

04-08-2025T13:06:51 - [TEST_STEP][PASSED] - waitForElementVisible(findTestObject("Object Repository/3_Search/Search_Dropdown_Operator_IsEqualTo"), 10): Object 'Object Repository/3_Search/Search_Dropdown_Operator_IsEqualTo' is visible

04-08-2025T13:06:51 - [MESSAGE][PASSED] - Object 'Object Repository/3_Search/Search_Dropdown_Operator_IsEqualTo' is visible

04-08-2025T13:06:51 - [TEST_STEP][PASSED] - click(findTestObject("Object Repository/3_Search/Search_Dropdown_Operator_IsEqualTo")): Object: 'Object Repository/3_Search/Search_Dropdown_Operator_IsEqualTo' is clicked on

04-08-2025T13:06:51 - [MESSAGE][PASSED] - Object: 'Object Repository/3_Search/Search_Dropdown_Operator_IsEqualTo' is clicked on

04-08-2025T13:06:51 - [TEST_STEP][PASSED] - setText(findTestObject("Object Repository/3_Search/Search_DropdownInput_Value"), "968"): Text '968' is set on object 'Object Repository/3_Search/Search_DropdownInput_Value'

04-08-2025T13:06:52 - [MESSAGE][PASSED] - Text '968' is set on object 'Object Repository/3_Search/Search_DropdownInput_Value'

04-08-2025T13:06:52 - [TEST_STEP][PASSED] - click(findTestObject("Object Repository/3_Search/Search_Dropdown_Button_AddFilter")): Object: 'Object Repository/3_Search/Search_Dropdown_Button_AddFilter' is clicked on

04-08-2025T13:06:52 - [MESSAGE][PASSED] - Object: 'Object Repository/3_Search/Search_Dropdown_Button_AddFilter' is clicked on

04-08-2025T13:06:52 - [TEST_STEP][PASSED] - click(findTestObject("Object Repository/3_Search/Search_Dropdown_Button_Search")): Object: 'Object Repository/3_Search/Search_Dropdown_Button_Search' is clicked on

04-08-2025T13:06:53 - [MESSAGE][PASSED] - Object: 'Object Repository/3_Search/Search_Dropdown_Button_Search' is clicked on

04-08-2025T13:06:53 - [TEST_STEP][PASSED] - waitForElementVisible(findTestObject("Object Repository/3_Search/Search_Table_MaterialNumber_968"), 10): Object 'Object Repository/3_Search/Search_Table_MaterialNumber_968' is visible

04-08-2025T13:06:54 - [MESSAGE][PASSED] - Object 'Object Repository/3_Search/Search_Table_MaterialNumber_968' is visible

04-08-2025T13:06:54 - [TEST_STEP][PASSED] - verifyElementPresent(findTestObject("Object Repository/3_Search/Search_Table_MaterialNumber_968"), 10): Object 'Object Repository/3_Search/Search_Table_MaterialNumber_968' is present

04-08-2025T13:06:54 - [MESSAGE][PASSED] - Object 'Object Repository/3_Search/Search_Table_MaterialNumber_968' is present

04-08-2025T13:06:54 - [TEST_STEP][PASSED] - closeBrowser(): Browser is closed

04-08-2025T13:06:54 - [MESSAGE][PASSED] - Browser is closed]]></system-out>
         <system-err><![CDATA[]]></system-err>
      </testcase>
      <system-out><![CDATA[04-08-2025T13:04:53 - [TEST_SUITE][PASSED] - Regression Tests: Test Cases/3_Search/TC3002_Search_SingleSearch_Success]]></system-out>
      <system-err><![CDATA[]]></system-err>
   </testsuite>
</testsuites>
