<?xml version="1.0" encoding="UTF-8"?>
<testsuites name="Regression Tests" time="98.834" tests="8" failures="0" errors="0">
   <testsuite name="Regression Tests" tests="8" failures="0" errors="0" time="98.834" skipped="0" timestamp="02-08-2025T21:08:17" hostname="khrissamaniego - localhost" id="Test Suites/Regression Tests">
      <properties>
         <property name="deviceName" value=""/>
         <property name="devicePlatform"/>
         <property name="logFolder" value="/Users/khrissamaniego/git/katalon-lexin-automation/Reports/20250802_210813/Regression Tests/20250802_210814"/>
         <property name="logFiles" value="/Users/khrissamaniego/git/katalon-lexin-automation/Reports/20250802_210813/Regression Tests/20250802_210814/execution0.log, /Users/khrissamaniego/git/katalon-lexin-automation/Reports/20250802_210813/Regression Tests/20250802_210814/console0.log"/>
         <property name="attachments" value=""/>
         <property name="hostName" value="khrissamaniego - localhost"/>
         <property name="os" value="Mac OS X 64bit"/>
         <property name="katalonVersion" value="10.2.0.0"/>
         <property name="browser" value="Chrome 138.0.7204.184"/>
         <property name="userFullName" value="Khris Samaniego"/>
         <property name="hostAddress" value="127.0.0.1"/>
         <property name="sessionId" value="2ef13ec6c74cd3b7b9d74689a63ae857"/>
         <property name="projectName" value="Lexin_SupplyChain_QA"/>
         <property name="seleniumVersion" value="4.28.1"/>
         <property name="proxyInformation" value="ProxyInformation { proxyOption=NO_PROXY, proxyServerType=HTTP, username=, password=********, proxyServerAddress=, proxyServerPort=0, executionList=&quot;&quot;, isApplyToDesiredCapabilities=true }"/>
         <property name="platform" value="Mac OS X"/>
      </properties>
      <testcase name="Test Cases/1_Security and Login/TC0001_SecurityAndLogin_LoginNoCredentials_Failure" time="11.498" classname="Test Cases/1_Security and Login/TC0001_SecurityAndLogin_LoginNoCredentials_Failure" status="PASSED">
         <system-out><![CDATA[02-08-2025T21:08:17 - [TEST_CASE][PASSED] - Test Cases/1_Security and Login/TC0001_SecurityAndLogin_LoginNoCredentials_Failure: Test Cases/1_Security and Login/TC0001_SecurityAndLogin_LoginNoCredentials_Failure

02-08-2025T21:08:18 - [TEST_STEP][PASSED] - openBrowser(""): Browser is opened with url: ''

02-08-2025T21:08:18 - [MESSAGE][INFO] - Starting 'Chrome' driver

02-08-2025T21:08:18 - [MESSAGE][INFO] - Action delay is set to 0 milliseconds

02-08-2025T21:08:20 - [MESSAGE][PASSED] - Browser is opened with url: ''

02-08-2025T21:08:20 - [TEST_STEP][PASSED] - maximizeWindow(): Current window maximized

02-08-2025T21:08:21 - [MESSAGE][PASSED] - Current window maximized

02-08-2025T21:08:21 - [TEST_STEP][PASSED] - navigateToUrl("https://lexinqa.lexinsolutions.com/"): Navigate to 'https://lexinqa.lexinsolutions.com/' successfully

02-08-2025T21:08:23 - [MESSAGE][PASSED] - Navigate to 'https://lexinqa.lexinsolutions.com/' successfully

02-08-2025T21:08:23 - [TEST_STEP][PASSED] - click(findTestObject("Object Repository/1_Security and Login/Login_Button_Sign in")): Object: 'Object Repository/1_Security and Login/Login_Button_Sign in' is clicked on

02-08-2025T21:08:28 - [MESSAGE][PASSED] - Object: 'Object Repository/1_Security and Login/Login_Button_Sign in' is clicked on

02-08-2025T21:08:28 - [TEST_STEP][PASSED] - waitForElementVisible(findTestObject("1_Security and Login/Login_Button_Sign in"), 10): Object 'Object Repository/1_Security and Login/Login_Button_Sign in' is visible

02-08-2025T21:08:29 - [MESSAGE][PASSED] - Object 'Object Repository/1_Security and Login/Login_Button_Sign in' is visible

02-08-2025T21:08:29 - [TEST_STEP][PASSED] - verifyElementVisible(findTestObject("1_Security and Login/Login_Button_Sign in")): Object 'Object Repository/1_Security and Login/Login_Button_Sign in' is visible

02-08-2025T21:08:29 - [MESSAGE][PASSED] - Object 'Object Repository/1_Security and Login/Login_Button_Sign in' is visible

02-08-2025T21:08:29 - [TEST_STEP][PASSED] - closeBrowser(): Browser is closed

02-08-2025T21:08:29 - [MESSAGE][PASSED] - Browser is closed]]></system-out>
         <system-err><![CDATA[]]></system-err>
      </testcase>
      <testcase name="Test Cases/1_Security and Login/TC0002_SecurityAndLogin_LoginInvalidCredentials_Failure" time="8.901" classname="Test Cases/1_Security and Login/TC0002_SecurityAndLogin_LoginInvalidCredentials_Failure" status="PASSED">
         <system-out><![CDATA[02-08-2025T21:08:29 - [TEST_CASE][PASSED] - Test Cases/1_Security and Login/TC0002_SecurityAndLogin_LoginInvalidCredentials_Failure: Test Cases/1_Security and Login/TC0002_SecurityAndLogin_LoginInvalidCredentials_Failure

02-08-2025T21:08:29 - [TEST_STEP][PASSED] - openBrowser(""): Browser is opened with url: ''

02-08-2025T21:08:29 - [MESSAGE][INFO] - Starting 'Chrome' driver

02-08-2025T21:08:29 - [MESSAGE][INFO] - Action delay is set to 0 milliseconds

02-08-2025T21:08:30 - [MESSAGE][PASSED] - Browser is opened with url: ''

02-08-2025T21:08:30 - [TEST_STEP][PASSED] - maximizeWindow(): Current window maximized

02-08-2025T21:08:31 - [MESSAGE][PASSED] - Current window maximized

02-08-2025T21:08:31 - [TEST_STEP][PASSED] - navigateToUrl("https://lexinqa.lexinsolutions.com/"): Navigate to 'https://lexinqa.lexinsolutions.com/' successfully

02-08-2025T21:08:33 - [MESSAGE][PASSED] - Navigate to 'https://lexinqa.lexinsolutions.com/' successfully

02-08-2025T21:08:33 - [TEST_STEP][PASSED] - setText(findTestObject("Object Repository/1_Security and Login/Login_Input_Email"), "incorrectuser@mail.com"): Text 'incorrectuser@mail.com' is set on object 'Object Repository/1_Security and Login/Login_Input_Email'

02-08-2025T21:08:34 - [MESSAGE][PASSED] - Text 'incorrectuser@mail.com' is set on object 'Object Repository/1_Security and Login/Login_Input_Email'

02-08-2025T21:08:34 - [TEST_STEP][PASSED] - setEncryptedText(findTestObject("Object Repository/1_Security and Login/Login_Input_Password"), "NaRTu7UBtmpS8FmW0qSAHjP7ggMaif6d"): Text ****** has been set on object 'Object Repository/1_Security and Login/Login_Input_Password'

02-08-2025T21:08:34 - [MESSAGE][PASSED] - Text ****** has been set on object 'Object Repository/1_Security and Login/Login_Input_Password'

02-08-2025T21:08:34 - [TEST_STEP][PASSED] - sendKeys(findTestObject("Object Repository/1_Security and Login/Login_Input_Password"), Keys.chord(ENTER)): Keys 'ENTER + ' sent to object: 'Object Repository/1_Security and Login/Login_Input_Password'

02-08-2025T21:08:35 - [MESSAGE][PASSED] - Keys 'ENTER + ' sent to object: 'Object Repository/1_Security and Login/Login_Input_Password'

02-08-2025T21:08:35 - [TEST_STEP][PASSED] - click(findTestObject("Object Repository/1_Security and Login/Login_Button_Sign in")): Object: 'Object Repository/1_Security and Login/Login_Button_Sign in' is clicked on

02-08-2025T21:08:37 - [MESSAGE][PASSED] - Object: 'Object Repository/1_Security and Login/Login_Button_Sign in' is clicked on

02-08-2025T21:08:37 - [TEST_STEP][PASSED] - waitForElementVisible(findTestObject("Object Repository/1_Security and Login/Login_Text_LoginFailed"), 10): Object 'Object Repository/1_Security and Login/Login_Text_LoginFailed' is visible

02-08-2025T21:08:38 - [MESSAGE][PASSED] - Object 'Object Repository/1_Security and Login/Login_Text_LoginFailed' is visible

02-08-2025T21:08:38 - [TEST_STEP][PASSED] - verifyElementVisible(findTestObject("Object Repository/1_Security and Login/Login_Text_LoginFailed")): Object 'Object Repository/1_Security and Login/Login_Text_LoginFailed' is visible

02-08-2025T21:08:38 - [MESSAGE][PASSED] - Object 'Object Repository/1_Security and Login/Login_Text_LoginFailed' is visible

02-08-2025T21:08:38 - [TEST_STEP][PASSED] - closeBrowser(): Browser is closed

02-08-2025T21:08:38 - [MESSAGE][PASSED] - Browser is closed]]></system-out>
         <system-err><![CDATA[]]></system-err>
      </testcase>
      <testcase name="Test Cases/1_Security and Login/TC0003_SecurityAndLogin_Login_Success" time="11.726" classname="Test Cases/1_Security and Login/TC0003_SecurityAndLogin_Login_Success" status="PASSED">
         <system-out><![CDATA[02-08-2025T21:08:38 - [TEST_CASE][PASSED] - Test Cases/1_Security and Login/TC0003_SecurityAndLogin_Login_Success: Test Cases/1_Security and Login/TC0003_SecurityAndLogin_Login_Success

02-08-2025T21:08:38 - [TEST_STEP][PASSED] - openBrowser(""): Browser is opened with url: ''

02-08-2025T21:08:38 - [MESSAGE][INFO] - Starting 'Chrome' driver

02-08-2025T21:08:38 - [MESSAGE][INFO] - Action delay is set to 0 milliseconds

02-08-2025T21:08:39 - [MESSAGE][PASSED] - Browser is opened with url: ''

02-08-2025T21:08:39 - [TEST_STEP][PASSED] - maximizeWindow(): Current window maximized

02-08-2025T21:08:39 - [MESSAGE][PASSED] - Current window maximized

02-08-2025T21:08:39 - [TEST_STEP][PASSED] - navigateToUrl("https://lexinqa.lexinsolutions.com/"): Navigate to 'https://lexinqa.lexinsolutions.com/' successfully

02-08-2025T21:08:42 - [MESSAGE][PASSED] - Navigate to 'https://lexinqa.lexinsolutions.com/' successfully

02-08-2025T21:08:42 - [TEST_STEP][PASSED] - setText(findTestObject("Object Repository/1_Security and Login/Login_Input_Email"), "demo+1@nymbl.app"): Text 'demo+1@nymbl.app' is set on object 'Object Repository/1_Security and Login/Login_Input_Email'

02-08-2025T21:08:43 - [MESSAGE][PASSED] - Text 'demo+1@nymbl.app' is set on object 'Object Repository/1_Security and Login/Login_Input_Email'

02-08-2025T21:08:43 - [TEST_STEP][PASSED] - setEncryptedText(findTestObject("Object Repository/1_Security and Login/Login_Input_Password"), "JlrLFiaChPTP/Psp+sMNCg=="): Text ****** has been set on object 'Object Repository/1_Security and Login/Login_Input_Password'

02-08-2025T21:08:43 - [MESSAGE][PASSED] - Text ****** has been set on object 'Object Repository/1_Security and Login/Login_Input_Password'

02-08-2025T21:08:43 - [TEST_STEP][PASSED] - sendKeys(findTestObject("Object Repository/1_Security and Login/Login_Input_Password"), Keys.chord(ENTER)): Keys 'ENTER + ' sent to object: 'Object Repository/1_Security and Login/Login_Input_Password'

02-08-2025T21:08:44 - [MESSAGE][PASSED] - Keys 'ENTER + ' sent to object: 'Object Repository/1_Security and Login/Login_Input_Password'

02-08-2025T21:08:44 - [TEST_STEP][PASSED] - waitForPageLoad(10): Wait for page load successfully

02-08-2025T21:08:44 - [MESSAGE][PASSED] - Wait for page load successfully

02-08-2025T21:08:44 - [TEST_STEP][PASSED] - waitForElementVisible(findTestObject("2_Navigation/Nav_Breadcrumb_Dashboard"), 10): Object 'Object Repository/2_Navigation/Nav_Breadcrumb_Dashboard' is visible

02-08-2025T21:08:48 - [MESSAGE][PASSED] - Object 'Object Repository/2_Navigation/Nav_Breadcrumb_Dashboard' is visible

02-08-2025T21:08:48 - [TEST_STEP][PASSED] - verifyElementVisible(findTestObject("2_Navigation/Nav_Breadcrumb_Dashboard")): Object 'Object Repository/2_Navigation/Nav_Breadcrumb_Dashboard' is visible

02-08-2025T21:08:50 - [MESSAGE][PASSED] - Object 'Object Repository/2_Navigation/Nav_Breadcrumb_Dashboard' is visible

02-08-2025T21:08:50 - [TEST_STEP][PASSED] - closeBrowser(): Browser is closed

02-08-2025T21:08:50 - [MESSAGE][PASSED] - Browser is closed]]></system-out>
         <system-err><![CDATA[]]></system-err>
      </testcase>
      <testcase name="Test Cases/1_Security and Login/TC0004_SecurityAndLogin_Logout_Success" time="10.711" classname="Test Cases/1_Security and Login/TC0004_SecurityAndLogin_Logout_Success" status="PASSED">
         <system-out><![CDATA[02-08-2025T21:08:50 - [TEST_CASE][PASSED] - Test Cases/1_Security and Login/TC0004_SecurityAndLogin_Logout_Success: Test Cases/1_Security and Login/TC0004_SecurityAndLogin_Logout_Success

02-08-2025T21:08:50 - [TEST_STEP][PASSED] - openBrowser(""): Browser is opened with url: ''

02-08-2025T21:08:50 - [MESSAGE][INFO] - Starting 'Chrome' driver

02-08-2025T21:08:50 - [MESSAGE][INFO] - Action delay is set to 0 milliseconds

02-08-2025T21:08:51 - [MESSAGE][PASSED] - Browser is opened with url: ''

02-08-2025T21:08:51 - [TEST_STEP][PASSED] - maximizeWindow(): Current window maximized

02-08-2025T21:08:51 - [MESSAGE][PASSED] - Current window maximized

02-08-2025T21:08:51 - [TEST_STEP][PASSED] - navigateToUrl("https://lexinqa.lexinsolutions.com/"): Navigate to 'https://lexinqa.lexinsolutions.com/' successfully

02-08-2025T21:08:53 - [MESSAGE][PASSED] - Navigate to 'https://lexinqa.lexinsolutions.com/' successfully

02-08-2025T21:08:53 - [TEST_STEP][PASSED] - setText(findTestObject("Object Repository/1_Security and Login/Login_Input_Email"), "demo+1@nymbl.app"): Text 'demo+1@nymbl.app' is set on object 'Object Repository/1_Security and Login/Login_Input_Email'

02-08-2025T21:08:55 - [MESSAGE][PASSED] - Text 'demo+1@nymbl.app' is set on object 'Object Repository/1_Security and Login/Login_Input_Email'

02-08-2025T21:08:55 - [TEST_STEP][PASSED] - setEncryptedText(findTestObject("Object Repository/1_Security and Login/Login_Input_Password"), "JlrLFiaChPTP/Psp+sMNCg=="): Text ****** has been set on object 'Object Repository/1_Security and Login/Login_Input_Password'

02-08-2025T21:08:55 - [MESSAGE][PASSED] - Text ****** has been set on object 'Object Repository/1_Security and Login/Login_Input_Password'

02-08-2025T21:08:55 - [TEST_STEP][PASSED] - sendKeys(findTestObject("Object Repository/1_Security and Login/Login_Input_Password"), Keys.chord(ENTER)): Keys 'ENTER + ' sent to object: 'Object Repository/1_Security and Login/Login_Input_Password'

02-08-2025T21:08:55 - [MESSAGE][PASSED] - Keys 'ENTER + ' sent to object: 'Object Repository/1_Security and Login/Login_Input_Password'

02-08-2025T21:08:55 - [TEST_STEP][PASSED] - waitForElementVisible(findTestObject("2_Navigation/Nav_Breadcrumb_Dashboard"), 10): Object 'Object Repository/2_Navigation/Nav_Breadcrumb_Dashboard' is visible

02-08-2025T21:08:59 - [MESSAGE][PASSED] - Object 'Object Repository/2_Navigation/Nav_Breadcrumb_Dashboard' is visible

02-08-2025T21:08:59 - [TEST_STEP][PASSED] - click(findTestObject("2_Navigation/Nav_Dropdown_Utility")): Object: 'Object Repository/2_Navigation/Nav_Dropdown_Utility' is clicked on

02-08-2025T21:08:59 - [MESSAGE][PASSED] - Object: 'Object Repository/2_Navigation/Nav_Dropdown_Utility' is clicked on

02-08-2025T21:08:59 - [TEST_STEP][PASSED] - click(findTestObject("2_Navigation/Nav_Utility_button_Logout")): Object: 'Object Repository/2_Navigation/Nav_Utility_button_Logout' is clicked on

02-08-2025T21:09:00 - [MESSAGE][PASSED] - Object: 'Object Repository/2_Navigation/Nav_Utility_button_Logout' is clicked on

02-08-2025T21:09:00 - [TEST_STEP][PASSED] - waitForPageLoad(10): Wait for page load successfully

02-08-2025T21:09:00 - [MESSAGE][PASSED] - Wait for page load successfully

02-08-2025T21:09:00 - [TEST_STEP][PASSED] - waitForElementVisible(findTestObject("1_Security and Login/Login_Text_WelcomeBack"), 10): Object 'Object Repository/1_Security and Login/Login_Text_WelcomeBack' is visible

02-08-2025T21:09:00 - [MESSAGE][PASSED] - Object 'Object Repository/1_Security and Login/Login_Text_WelcomeBack' is visible

02-08-2025T21:09:00 - [TEST_STEP][PASSED] - verifyElementVisible(findTestObject("1_Security and Login/Login_Text_WelcomeBack")): Object 'Object Repository/1_Security and Login/Login_Text_WelcomeBack' is visible

02-08-2025T21:09:00 - [MESSAGE][PASSED] - Object 'Object Repository/1_Security and Login/Login_Text_WelcomeBack' is visible

02-08-2025T21:09:00 - [TEST_STEP][PASSED] - waitForPageLoad(10): Wait for page load successfully

02-08-2025T21:09:00 - [MESSAGE][PASSED] - Wait for page load successfully

02-08-2025T21:09:00 - [TEST_STEP][PASSED] - closeBrowser(): Browser is closed

02-08-2025T21:09:00 - [MESSAGE][PASSED] - Browser is closed]]></system-out>
         <system-err><![CDATA[]]></system-err>
      </testcase>
      <testcase name="Test Cases/2_Navigation/TC0005_Navigation_Search_Success" time="11.646" classname="Test Cases/2_Navigation/TC0005_Navigation_Search_Success" status="PASSED">
         <system-out><![CDATA[02-08-2025T21:09:00 - [TEST_CASE][PASSED] - Test Cases/2_Navigation/TC0005_Navigation_Search_Success: Test Cases/2_Navigation/TC0005_Navigation_Search_Success

02-08-2025T21:09:00 - [TEST_STEP][PASSED] - openBrowser(""): Browser is opened with url: ''

02-08-2025T21:09:00 - [MESSAGE][INFO] - Starting 'Chrome' driver

02-08-2025T21:09:00 - [MESSAGE][INFO] - Action delay is set to 0 milliseconds

02-08-2025T21:09:01 - [MESSAGE][PASSED] - Browser is opened with url: ''

02-08-2025T21:09:01 - [TEST_STEP][PASSED] - maximizeWindow(): Current window maximized

02-08-2025T21:09:02 - [MESSAGE][PASSED] - Current window maximized

02-08-2025T21:09:02 - [TEST_STEP][PASSED] - navigateToUrl("https://lexinqa.lexinsolutions.com/"): Navigate to 'https://lexinqa.lexinsolutions.com/' successfully

02-08-2025T21:09:04 - [MESSAGE][PASSED] - Navigate to 'https://lexinqa.lexinsolutions.com/' successfully

02-08-2025T21:09:04 - [TEST_STEP][PASSED] - setText(findTestObject("Object Repository/1_Security and Login/Login_Input_Email"), "demo+1@nymbl.app"): Text 'demo+1@nymbl.app' is set on object 'Object Repository/1_Security and Login/Login_Input_Email'

02-08-2025T21:09:05 - [MESSAGE][PASSED] - Text 'demo+1@nymbl.app' is set on object 'Object Repository/1_Security and Login/Login_Input_Email'

02-08-2025T21:09:05 - [TEST_STEP][PASSED] - setEncryptedText(findTestObject("Object Repository/1_Security and Login/Login_Input_Password"), "JlrLFiaChPTP/Psp+sMNCg=="): Text ****** has been set on object 'Object Repository/1_Security and Login/Login_Input_Password'

02-08-2025T21:09:06 - [MESSAGE][PASSED] - Text ****** has been set on object 'Object Repository/1_Security and Login/Login_Input_Password'

02-08-2025T21:09:06 - [TEST_STEP][PASSED] - sendKeys(findTestObject("Object Repository/1_Security and Login/Login_Input_Password"), Keys.chord(ENTER)): Keys 'ENTER + ' sent to object: 'Object Repository/1_Security and Login/Login_Input_Password'

02-08-2025T21:09:06 - [MESSAGE][PASSED] - Keys 'ENTER + ' sent to object: 'Object Repository/1_Security and Login/Login_Input_Password'

02-08-2025T21:09:06 - [TEST_STEP][PASSED] - click(findTestObject("2_Navigation/Nav_Button_Search")): Object: 'Object Repository/2_Navigation/Nav_Button_Search' is clicked on

02-08-2025T21:09:10 - [MESSAGE][PASSED] - Object: 'Object Repository/2_Navigation/Nav_Button_Search' is clicked on

02-08-2025T21:09:10 - [TEST_STEP][PASSED] - waitForElementVisible(findTestObject("Object Repository/3_Search/Search_Breadcrumb_Search"), 10): Object 'Object Repository/3_Search/Search_Breadcrumb_Search' is visible

02-08-2025T21:09:11 - [MESSAGE][PASSED] - Object 'Object Repository/3_Search/Search_Breadcrumb_Search' is visible

02-08-2025T21:09:11 - [TEST_STEP][PASSED] - verifyElementPresent(findTestObject("Object Repository/3_Search/Search_Breadcrumb_Search"), 10): Object 'Object Repository/3_Search/Search_Breadcrumb_Search' is present

02-08-2025T21:09:12 - [MESSAGE][PASSED] - Object 'Object Repository/3_Search/Search_Breadcrumb_Search' is present

02-08-2025T21:09:12 - [TEST_STEP][PASSED] - closeBrowser(): Browser is closed

02-08-2025T21:09:12 - [MESSAGE][PASSED] - Browser is closed]]></system-out>
         <system-err><![CDATA[]]></system-err>
      </testcase>
      <testcase name="Test Cases/2_Navigation/TC0006_Navigation_Dashboard_Success" time="13.751" classname="Test Cases/2_Navigation/TC0006_Navigation_Dashboard_Success" status="PASSED">
         <system-out><![CDATA[02-08-2025T21:09:12 - [TEST_CASE][PASSED] - Test Cases/2_Navigation/TC0006_Navigation_Dashboard_Success: Test Cases/2_Navigation/TC0006_Navigation_Dashboard_Success

02-08-2025T21:09:12 - [TEST_STEP][PASSED] - openBrowser(""): Browser is opened with url: ''

02-08-2025T21:09:12 - [MESSAGE][INFO] - Starting 'Chrome' driver

02-08-2025T21:09:12 - [MESSAGE][INFO] - Action delay is set to 0 milliseconds

02-08-2025T21:09:13 - [MESSAGE][PASSED] - Browser is opened with url: ''

02-08-2025T21:09:13 - [TEST_STEP][PASSED] - maximizeWindow(): Current window maximized

02-08-2025T21:09:14 - [MESSAGE][PASSED] - Current window maximized

02-08-2025T21:09:14 - [TEST_STEP][PASSED] - navigateToUrl("https://lexinqa.lexinsolutions.com/"): Navigate to 'https://lexinqa.lexinsolutions.com/' successfully

02-08-2025T21:09:16 - [MESSAGE][PASSED] - Navigate to 'https://lexinqa.lexinsolutions.com/' successfully

02-08-2025T21:09:16 - [TEST_STEP][PASSED] - setText(findTestObject("Object Repository/1_Security and Login/Login_Input_Email"), "demo+1@nymbl.app"): Text 'demo+1@nymbl.app' is set on object 'Object Repository/1_Security and Login/Login_Input_Email'

02-08-2025T21:09:17 - [MESSAGE][PASSED] - Text 'demo+1@nymbl.app' is set on object 'Object Repository/1_Security and Login/Login_Input_Email'

02-08-2025T21:09:17 - [TEST_STEP][PASSED] - setEncryptedText(findTestObject("Object Repository/1_Security and Login/Login_Input_Password"), "JlrLFiaChPTP/Psp+sMNCg=="): Text ****** has been set on object 'Object Repository/1_Security and Login/Login_Input_Password'

02-08-2025T21:09:17 - [MESSAGE][PASSED] - Text ****** has been set on object 'Object Repository/1_Security and Login/Login_Input_Password'

02-08-2025T21:09:17 - [TEST_STEP][PASSED] - sendKeys(findTestObject("Object Repository/1_Security and Login/Login_Input_Password"), Keys.chord(ENTER)): Keys 'ENTER + ' sent to object: 'Object Repository/1_Security and Login/Login_Input_Password'

02-08-2025T21:09:18 - [MESSAGE][PASSED] - Keys 'ENTER + ' sent to object: 'Object Repository/1_Security and Login/Login_Input_Password'

02-08-2025T21:09:18 - [TEST_STEP][PASSED] - click(findTestObject("2_Navigation/Nav_Button_Search")): Object: 'Object Repository/2_Navigation/Nav_Button_Search' is clicked on

02-08-2025T21:09:22 - [MESSAGE][PASSED] - Object: 'Object Repository/2_Navigation/Nav_Button_Search' is clicked on

02-08-2025T21:09:22 - [TEST_STEP][PASSED] - verifyElementPresent(findTestObject("Object Repository/3_Search/Search_Breadcrumb_Search"), 10): Object 'Object Repository/3_Search/Search_Breadcrumb_Search' is present

02-08-2025T21:09:24 - [MESSAGE][PASSED] - Object 'Object Repository/3_Search/Search_Breadcrumb_Search' is present

02-08-2025T21:09:24 - [TEST_STEP][PASSED] - click(findTestObject("Object Repository/2_Navigation/Nav_Button_Dashboard")): Object: 'Object Repository/2_Navigation/Nav_Button_Dashboard' is clicked on

02-08-2025T21:09:24 - [MESSAGE][PASSED] - Object: 'Object Repository/2_Navigation/Nav_Button_Dashboard' is clicked on

02-08-2025T21:09:24 - [TEST_STEP][PASSED] - waitForElementVisible(findTestObject("2_Navigation/Nav_Breadcrumb_Dashboard"), 10): Object 'Object Repository/2_Navigation/Nav_Breadcrumb_Dashboard' is visible

02-08-2025T21:09:25 - [MESSAGE][PASSED] - Object 'Object Repository/2_Navigation/Nav_Breadcrumb_Dashboard' is visible

02-08-2025T21:09:25 - [TEST_STEP][PASSED] - verifyElementPresent(findTestObject("2_Navigation/Nav_Breadcrumb_Dashboard"), 10): Object 'Object Repository/2_Navigation/Nav_Breadcrumb_Dashboard' is present

02-08-2025T21:09:26 - [MESSAGE][PASSED] - Object 'Object Repository/2_Navigation/Nav_Breadcrumb_Dashboard' is present

02-08-2025T21:09:26 - [TEST_STEP][PASSED] - closeBrowser(): Browser is closed

02-08-2025T21:09:26 - [MESSAGE][PASSED] - Browser is closed]]></system-out>
         <system-err><![CDATA[]]></system-err>
      </testcase>
      <testcase name="Test Cases/2_Navigation/TC0007_Navigation_CreateMaterial_Success" time="10.689" classname="Test Cases/2_Navigation/TC0007_Navigation_CreateMaterial_Success" status="PASSED">
         <system-out><![CDATA[02-08-2025T21:09:26 - [TEST_CASE][PASSED] - Test Cases/2_Navigation/TC0007_Navigation_CreateMaterial_Success: Test Cases/2_Navigation/TC0007_Navigation_CreateMaterial_Success

02-08-2025T21:09:26 - [TEST_STEP][PASSED] - openBrowser(""): Browser is opened with url: ''

02-08-2025T21:09:26 - [MESSAGE][INFO] - Starting 'Chrome' driver

02-08-2025T21:09:26 - [MESSAGE][INFO] - Action delay is set to 0 milliseconds

02-08-2025T21:09:27 - [MESSAGE][PASSED] - Browser is opened with url: ''

02-08-2025T21:09:27 - [TEST_STEP][PASSED] - maximizeWindow(): Current window maximized

02-08-2025T21:09:27 - [MESSAGE][PASSED] - Current window maximized

02-08-2025T21:09:27 - [TEST_STEP][PASSED] - navigateToUrl("https://lexinqa.lexinsolutions.com/"): Navigate to 'https://lexinqa.lexinsolutions.com/' successfully

02-08-2025T21:09:29 - [MESSAGE][PASSED] - Navigate to 'https://lexinqa.lexinsolutions.com/' successfully

02-08-2025T21:09:29 - [TEST_STEP][PASSED] - setText(findTestObject("Object Repository/1_Security and Login/Login_Input_Email"), "demo+1@nymbl.app"): Text 'demo+1@nymbl.app' is set on object 'Object Repository/1_Security and Login/Login_Input_Email'

02-08-2025T21:09:31 - [MESSAGE][PASSED] - Text 'demo+1@nymbl.app' is set on object 'Object Repository/1_Security and Login/Login_Input_Email'

02-08-2025T21:09:31 - [TEST_STEP][PASSED] - setEncryptedText(findTestObject("Object Repository/1_Security and Login/Login_Input_Password"), "JlrLFiaChPTP/Psp+sMNCg=="): Text ****** has been set on object 'Object Repository/1_Security and Login/Login_Input_Password'

02-08-2025T21:09:31 - [MESSAGE][PASSED] - Text ****** has been set on object 'Object Repository/1_Security and Login/Login_Input_Password'

02-08-2025T21:09:31 - [TEST_STEP][PASSED] - sendKeys(findTestObject("Object Repository/1_Security and Login/Login_Input_Password"), Keys.chord(ENTER)): Keys 'ENTER + ' sent to object: 'Object Repository/1_Security and Login/Login_Input_Password'

02-08-2025T21:09:31 - [MESSAGE][PASSED] - Keys 'ENTER + ' sent to object: 'Object Repository/1_Security and Login/Login_Input_Password'

02-08-2025T21:09:31 - [TEST_STEP][PASSED] - mouseOver(findTestObject("Object Repository/2_Navigation/Nav_Button_MaterialGroup")): Object: 'Object Repository/2_Navigation/Nav_Button_MaterialGroup' is hovered

02-08-2025T21:09:35 - [MESSAGE][PASSED] - Object: 'Object Repository/2_Navigation/Nav_Button_MaterialGroup' is hovered

02-08-2025T21:09:35 - [TEST_STEP][PASSED] - click(findTestObject("Object Repository/2_Navigation/Nav_Button_MaterialGroup_Create")): Object: 'Object Repository/2_Navigation/Nav_Button_MaterialGroup_Create' is clicked on

02-08-2025T21:09:35 - [MESSAGE][PASSED] - Object: 'Object Repository/2_Navigation/Nav_Button_MaterialGroup_Create' is clicked on

02-08-2025T21:09:35 - [TEST_STEP][PASSED] - waitForElementVisible(findTestObject("Object Repository/2_Navigation/Nav_Breadcrumb_CreateMaterial"), 10): Object 'Object Repository/2_Navigation/Nav_Breadcrumb_CreateMaterial' is visible

02-08-2025T21:09:36 - [MESSAGE][PASSED] - Object 'Object Repository/2_Navigation/Nav_Breadcrumb_CreateMaterial' is visible

02-08-2025T21:09:36 - [TEST_STEP][PASSED] - verifyElementPresent(findTestObject("Object Repository/2_Navigation/Nav_Breadcrumb_CreateMaterial"), 10): Object 'Object Repository/2_Navigation/Nav_Breadcrumb_CreateMaterial' is present

02-08-2025T21:09:36 - [MESSAGE][PASSED] - Object 'Object Repository/2_Navigation/Nav_Breadcrumb_CreateMaterial' is present

02-08-2025T21:09:36 - [TEST_STEP][PASSED] - closeBrowser(): Browser is closed

02-08-2025T21:09:36 - [MESSAGE][PASSED] - Browser is closed]]></system-out>
         <system-err><![CDATA[]]></system-err>
      </testcase>
      <testcase name="Test Cases/2_Navigation/TC0008_Navigation_Enrichment_Success" time="19.722" classname="Test Cases/2_Navigation/TC0008_Navigation_Enrichment_Success" status="PASSED">
         <system-out><![CDATA[02-08-2025T21:09:36 - [TEST_CASE][PASSED] - Test Cases/2_Navigation/TC0008_Navigation_Enrichment_Success: Test Cases/2_Navigation/TC0008_Navigation_Enrichment_Success

02-08-2025T21:09:36 - [TEST_STEP][PASSED] - openBrowser(""): Browser is opened with url: ''

02-08-2025T21:09:36 - [MESSAGE][INFO] - Starting 'Chrome' driver

02-08-2025T21:09:36 - [MESSAGE][INFO] - Action delay is set to 0 milliseconds

02-08-2025T21:09:37 - [MESSAGE][PASSED] - Browser is opened with url: ''

02-08-2025T21:09:37 - [TEST_STEP][PASSED] - maximizeWindow(): Current window maximized

02-08-2025T21:09:38 - [MESSAGE][PASSED] - Current window maximized

02-08-2025T21:09:38 - [TEST_STEP][PASSED] - navigateToUrl("https://lexinqa.lexinsolutions.com/"): Navigate to 'https://lexinqa.lexinsolutions.com/' successfully

02-08-2025T21:09:40 - [MESSAGE][PASSED] - Navigate to 'https://lexinqa.lexinsolutions.com/' successfully

02-08-2025T21:09:40 - [TEST_STEP][PASSED] - setText(findTestObject("Object Repository/1_Security and Login/Login_Input_Email"), "demo+1@nymbl.app"): Text 'demo+1@nymbl.app' is set on object 'Object Repository/1_Security and Login/Login_Input_Email'

02-08-2025T21:09:41 - [MESSAGE][PASSED] - Text 'demo+1@nymbl.app' is set on object 'Object Repository/1_Security and Login/Login_Input_Email'

02-08-2025T21:09:41 - [TEST_STEP][PASSED] - setEncryptedText(findTestObject("Object Repository/1_Security and Login/Login_Input_Password"), "JlrLFiaChPTP/Psp+sMNCg=="): Text ****** has been set on object 'Object Repository/1_Security and Login/Login_Input_Password'

02-08-2025T21:09:42 - [MESSAGE][PASSED] - Text ****** has been set on object 'Object Repository/1_Security and Login/Login_Input_Password'

02-08-2025T21:09:42 - [TEST_STEP][PASSED] - sendKeys(findTestObject("Object Repository/1_Security and Login/Login_Input_Password"), Keys.chord(ENTER)): Keys 'ENTER + ' sent to object: 'Object Repository/1_Security and Login/Login_Input_Password'

02-08-2025T21:09:42 - [MESSAGE][PASSED] - Keys 'ENTER + ' sent to object: 'Object Repository/1_Security and Login/Login_Input_Password'

02-08-2025T21:09:42 - [TEST_STEP][PASSED] - mouseOver(findTestObject("Object Repository/2_Navigation/Nav_Button_MaterialGroup")): Object: 'Object Repository/2_Navigation/Nav_Button_MaterialGroup' is hovered

02-08-2025T21:09:51 - [MESSAGE][PASSED] - Object: 'Object Repository/2_Navigation/Nav_Button_MaterialGroup' is hovered

02-08-2025T21:09:51 - [TEST_STEP][PASSED] - click(findTestObject("2_Navigation/Nav_Button_MaterialGroup_Enrichment")): Object: 'Object Repository/2_Navigation/Nav_Button_MaterialGroup_Enrichment' is clicked on

02-08-2025T21:09:52 - [MESSAGE][PASSED] - Object: 'Object Repository/2_Navigation/Nav_Button_MaterialGroup_Enrichment' is clicked on

02-08-2025T21:09:52 - [TEST_STEP][PASSED] - waitForElementVisible(findTestObject("Object Repository/2_Navigation/Nav_Breadcrumb_Enrichment"), 10): Object 'Object Repository/2_Navigation/Nav_Breadcrumb_Enrichment' is visible

02-08-2025T21:09:56 - [MESSAGE][PASSED] - Object 'Object Repository/2_Navigation/Nav_Breadcrumb_Enrichment' is visible

02-08-2025T21:09:56 - [TEST_STEP][PASSED] - verifyElementPresent(findTestObject("Object Repository/2_Navigation/Nav_Breadcrumb_Enrichment"), 10): Object 'Object Repository/2_Navigation/Nav_Breadcrumb_Enrichment' is present

02-08-2025T21:09:56 - [MESSAGE][PASSED] - Object 'Object Repository/2_Navigation/Nav_Breadcrumb_Enrichment' is present

02-08-2025T21:09:56 - [TEST_STEP][PASSED] - closeBrowser(): Browser is closed

02-08-2025T21:09:56 - [MESSAGE][PASSED] - Browser is closed]]></system-out>
         <system-err><![CDATA[]]></system-err>
      </testcase>
      <system-out><![CDATA[02-08-2025T21:08:17 - [TEST_SUITE][PASSED] - Regression Tests: Test Cases/2_Navigation/TC0008_Navigation_Enrichment_Success]]></system-out>
      <system-err><![CDATA[]]></system-err>
   </testsuite>
</testsuites>
